<?xml version="1.0" encoding="UTF-8"?>
<!-- Generated by org.testng.reporters.JUnitReportReporter -->
<testsuite hostname="jayapal" failures="0" tests="3" name="test.PutPatchDelete" time="2.520" errors="0" timestamp="2023-02-07T14:31:36 IST" skipped="0">
  <testcase classname="test.PutPatchDelete" name="delete_test" time="1.753"/>
  <system-out/>
  <testcase classname="test.PutPatchDelete" name="patch_test" time="0.406"/>
  <system-out/>
  <testcase classname="test.PutPatchDelete" name="put_test" time="0.361"/>
  <system-out/>
</testsuite> <!-- test.PutPatchDelete -->
