<?xml version="1.0" encoding="UTF-8"?>
<!-- Generated by org.testng.reporters.JUnitReportReporter -->
<testsuite hostname="jayapal" failures="0" tests="2" name="test.GetAndPostExample" time="2.099" errors="0" timestamp="2023-02-07T16:19:31 IST" skipped="0">
  <testcase classname="test.GetAndPostExample" name="get_test" time="1.688"/>
  <system-out/>
  <testcase classname="test.GetAndPostExample" name="post_test" time="0.411"/>
  <system-out/>
</testsuite> <!-- test.GetAndPostExample -->
